<?xml version='1.0'?>
<ns2:test-suite xmlns:ns2='urn:model.allure.qatools.yandex.ru' start='1676417976981' stop='1676417978210'>
    <name>The Internet Guinea Pig Website: As a user, I can log into the secure area</name>
    <title>The Internet Guinea Pig Website: As a user, I can log into the secure area</title>
    <test-cases>
        <test-case start='1676417976981' status='passed' stop='1676417976982'>
            <name></name>
            <title></title>
            <labels>
                <label name='language' value='javascript'/>
                <label name='framework' value='wdio'/>
                <label name='thread' value='0-0'/>
            </labels>
            <parameters>
                <parameter kind='argument' name='browser' value='chrome-110.0.5481.100'/>
            </parameters>
            <steps/>
            <attachments/>
        </test-case>
        <test-case start='1676417976982' status='passed' stop='1676417978208'>
            <name>Given I am on the login page</name>
            <title>Given I am on the login page</title>
            <labels>
                <label name='language' value='javascript'/>
                <label name='framework' value='wdio'/>
                <label name='thread' value='0-0'/>
            </labels>
            <parameters>
                <parameter kind='argument' name='browser' value='chrome-110.0.5481.100'/>
            </parameters>
            <steps>
                <step start='1676417976982' status='passed' stop='1676417978207'>
                    <name>POST /session/:sessionId/url</name>
                    <title>POST /session/:sessionId/url</title>
                    <attachments>
                        <attachment title='Request' source='910ce83e-c282-4c57-8a2a-91a770279eb6-attachment.json' type='application/json' size='39'/>
                    </attachments>
                    <steps/>
                </step>
            </steps>
            <attachments/>
        </test-case>
        <test-case start='1676417978208' status='broken' stop='1676417978209'>
            <name>When I land to the page</name>
            <title>When I land to the page</title>
            <labels>
                <label name='language' value='javascript'/>
                <label name='framework' value='wdio'/>
                <label name='thread' value='0-0'/>
            </labels>
            <parameters>
                <parameter kind='argument' name='browser' value='chrome-110.0.5481.100'/>
            </parameters>
            <steps/>
            <attachments/>
            <failure>
                <message>TypeError: browser.toHaveUrl is not a function</message>
                <stack-trace>TypeError: browser.toHaveUrl is not a function
                    at World.&lt;anonymous> (/Users/gshahin/Documents/II/webdriverio-cucumber-aplan-test/features/step-definitions/steps.js:12:17)
                    at processTicksAndRejections (node:internal/process/task_queues:96:5)
                    at async wrapPromiseWithTimeout (/Users/gshahin/Documents/II/webdriverio-cucumber-aplan-test/node_modules/@cucumber/cucumber/lib/time.js:67:12)
                    at async Object.run (/Users/gshahin/Documents/II/webdriverio-cucumber-aplan-test/node_modules/@cucumber/cucumber/lib/user_code_runner.js:64:22)
                    at async Object.run (/Users/gshahin/Documents/II/webdriverio-cucumber-aplan-test/node_modules/@cucumber/cucumber/lib/runtime/step_runner.js:52:26)
                    at async TestCaseRunner.invokeStep (/Users/gshahin/Documents/II/webdriverio-cucumber-aplan-test/node_modules/@cucumber/cucumber/lib/runtime/test_case_runner.js:93:16)
                    at async TestCaseRunner.runStep (/Users/gshahin/Documents/II/webdriverio-cucumber-aplan-test/node_modules/@cucumber/cucumber/lib/runtime/test_case_runner.js:237:26)
                    at async /Users/gshahin/Documents/II/webdriverio-cucumber-aplan-test/node_modules/@cucumber/cucumber/lib/runtime/test_case_runner.js:163:48</stack-trace>
            </failure>
        </test-case>
        <test-case start='1676417978209' status='broken' stop='1676417978209'>
            <name>Then I should see a flash message saying Personal</name>
            <title>Then I should see a flash message saying Personal</title>
            <labels>
                <label name='language' value='javascript'/>
                <label name='framework' value='wdio'/>
                <label name='thread' value='0-0'/>
            </labels>
            <parameters>
                <parameter kind='argument' name='browser' value='chrome-110.0.5481.100'/>
            </parameters>
            <steps/>
            <attachments/>
            <failure>
                <message>Step "I should see a flash message saying Personal" is not defined. You can ignore this error by setting cucumberOpts.ignoreUndefinedDefinitions as true.</message>
                <stack-trace>Step "I should see a flash message saying Personal" is not defined. You can ignore this error by setting cucumberOpts.ignoreUndefinedDefinitions as true.
                	at Feature(/Users/gshahin/Documents/II/webdriverio-cucumber-aplan-test/features/login.feature):1:1
                	at Scenario(As a user, I can log into the secure area):3:3
                	at Step(I should see a flash message saying &lt;message>):7:5
                </stack-trace>
            </failure>
        </test-case>
        <test-case start='1676417978209' status='passed' stop='1676417978209'>
            <name></name>
            <title></title>
            <labels>
                <label name='language' value='javascript'/>
                <label name='framework' value='wdio'/>
                <label name='thread' value='0-0'/>
            </labels>
            <parameters>
                <parameter kind='argument' name='browser' value='chrome-110.0.5481.100'/>
            </parameters>
            <steps/>
            <attachments/>
        </test-case>
    </test-cases>
</ns2:test-suite>