<?xml version='1.0'?>
<ns2:test-suite xmlns:ns2='urn:model.allure.qatools.yandex.ru' start='1676419406711' stop='1676419418370'>
    <name>The Internet Guinea Pig Website: As a user, I can log into the secure area</name>
    <title>The Internet Guinea Pig Website: As a user, I can log into the secure area</title>
    <test-cases>
        <test-case start='1676419406712' status='passed' stop='1676419406712'>
            <name></name>
            <title></title>
            <labels>
                <label name='language' value='javascript'/>
                <label name='framework' value='wdio'/>
                <label name='thread' value='0-0'/>
            </labels>
            <parameters>
                <parameter kind='argument' name='browser' value='chrome-110.0.5481.100'/>
            </parameters>
            <steps/>
            <attachments/>
        </test-case>
        <test-case start='1676419406712' status='passed' stop='1676419408332'>
            <name>Given I am on the login page</name>
            <title>Given I am on the login page</title>
            <labels>
                <label name='language' value='javascript'/>
                <label name='framework' value='wdio'/>
                <label name='thread' value='0-0'/>
            </labels>
            <parameters>
                <parameter kind='argument' name='browser' value='chrome-110.0.5481.100'/>
            </parameters>
            <steps>
                <step start='1676419406713' status='passed' stop='1676419407738'>
                    <name>POST /session/:sessionId/url</name>
                    <title>POST /session/:sessionId/url</title>
                    <attachments>
                        <attachment title='Request' source='a8909f81-19ec-4940-806e-b9fc36ddf429-attachment.json' type='application/json' size='39'/>
                    </attachments>
                    <steps/>
                </step>
                <step start='1676419407738' status='passed' stop='1676419407754'>
                    <name>POST /session/:sessionId/element</name>
                    <title>POST /session/:sessionId/element</title>
                    <attachments>
                        <attachment title='Request' source='c0725c9b-c779-4833-a3f4-6e683cc4cf83-attachment.json' type='application/json' size='72'/>
                        <attachment title='Response' source='70275e9c-4221-4ae2-8575-8c890df1d321-attachment.json' type='application/json' size='1626'/>
                    </attachments>
                    <steps/>
                </step>
                <step start='1676419407758' status='passed' stop='1676419407778'>
                    <name>POST /session/:sessionId/elements</name>
                    <title>POST /session/:sessionId/elements</title>
                    <attachments>
                        <attachment title='Request' source='97dc3eb2-9b10-448b-945d-edc94c508b99-attachment.json' type='application/json' size='72'/>
                        <attachment title='Response' source='6775b7b9-ab8f-4e88-908c-e757d9a9f4b7-attachment.json' type='application/json' size='2'/>
                    </attachments>
                    <steps/>
                </step>
                <step start='1676419408260' status='passed' stop='1676419408285'>
                    <name>POST /session/:sessionId/elements</name>
                    <title>POST /session/:sessionId/elements</title>
                    <attachments>
                        <attachment title='Request' source='ea7bf583-8ca9-46df-9c37-ae8fb090c3f7-attachment.json' type='application/json' size='72'/>
                        <attachment title='Response' source='e28bdf9c-eb58-4378-9603-9e7e932ecfd2-attachment.json' type='application/json' size='93'/>
                    </attachments>
                    <steps/>
                </step>
                <step start='1676419408287' status='passed' stop='1676419408299'>
                    <name>POST /session/:sessionId/element</name>
                    <title>POST /session/:sessionId/element</title>
                    <attachments>
                        <attachment title='Request' source='64844d50-fd85-4f45-8bd4-6cc632fab1af-attachment.json' type='application/json' size='72'/>
                        <attachment title='Response' source='3152a31e-819f-4b92-a013-1a3730e2ecc0-attachment.json' type='application/json' size='83'/>
                    </attachments>
                    <steps/>
                </step>
                <step start='1676419408301' status='passed' stop='1676419408332'>
                    <name>POST /session/:sessionId/element/d1ab9b09-1553-4e8d-898d-a71145214885/click</name>
                    <title>POST /session/:sessionId/element/d1ab9b09-1553-4e8d-898d-a71145214885/click</title>
                    <attachments/>
                    <steps/>
                </step>
            </steps>
            <attachments/>
        </test-case>
        <test-case start='1676419408332' status='failed' stop='1676419418370'>
            <name>When I land to the page</name>
            <title>When I land to the page</title>
            <labels>
                <label name='language' value='javascript'/>
                <label name='framework' value='wdio'/>
                <label name='thread' value='0-0'/>
            </labels>
            <parameters>
                <parameter kind='argument' name='browser' value='chrome-110.0.5481.100'/>
            </parameters>
            <steps/>
            <attachments/>
            <failure>
                <message>Error: Expect .logo-wrap to be existing</message>
                <stack-trace>Error: Expect .logo-wrap to be existing
                
                Expected: "existing"
                Received: "not existing"
                    at World.&lt;anonymous> (file:///Users/gshahin/Documents/II/webdriverio-cucumber-aplan-test/features/step-definitions/steps.js:11:30)
                    at processTicksAndRejections (node:internal/process/task_queues:96:5)
                    at async wrapPromiseWithTimeout (/Users/gshahin/Documents/II/webdriverio-cucumber-aplan-test/node_modules/@cucumber/cucumber/lib/time.js:67:12)
                    at async Object.run (/Users/gshahin/Documents/II/webdriverio-cucumber-aplan-test/node_modules/@cucumber/cucumber/lib/user_code_runner.js:64:22)
                    at async Object.run (/Users/gshahin/Documents/II/webdriverio-cucumber-aplan-test/node_modules/@cucumber/cucumber/lib/runtime/step_runner.js:52:26)
                    at async TestCaseRunner.invokeStep (/Users/gshahin/Documents/II/webdriverio-cucumber-aplan-test/node_modules/@cucumber/cucumber/lib/runtime/test_case_runner.js:93:16)
                    at async TestCaseRunner.runStep (/Users/gshahin/Documents/II/webdriverio-cucumber-aplan-test/node_modules/@cucumber/cucumber/lib/runtime/test_case_runner.js:237:26)
                    at async /Users/gshahin/Documents/II/webdriverio-cucumber-aplan-test/node_modules/@cucumber/cucumber/lib/runtime/test_case_runner.js:163:48</stack-trace>
            </failure>
        </test-case>
        <test-case start='1676419418370' status='broken' stop='1676419418370'>
            <name>Then I should see a flash message saying Personal</name>
            <title>Then I should see a flash message saying Personal</title>
            <labels>
                <label name='language' value='javascript'/>
                <label name='framework' value='wdio'/>
                <label name='thread' value='0-0'/>
            </labels>
            <parameters>
                <parameter kind='argument' name='browser' value='chrome-110.0.5481.100'/>
            </parameters>
            <steps/>
            <attachments/>
            <failure>
                <message>Step "I should see a flash message saying Personal" is not defined. You can ignore this error by setting cucumberOpts.ignoreUndefinedDefinitions as true.</message>
                <stack-trace>Step "I should see a flash message saying Personal" is not defined. You can ignore this error by setting cucumberOpts.ignoreUndefinedDefinitions as true.
                	at Feature(/Users/gshahin/Documents/II/webdriverio-cucumber-aplan-test/features/login.feature):1:1
                	at Scenario(As a user, I can log into the secure area):3:3
                	at Step(I should see a flash message saying &lt;message>):7:5
                </stack-trace>
            </failure>
        </test-case>
        <test-case start='1676419418370' status='passed' stop='1676419418370'>
            <name></name>
            <title></title>
            <labels>
                <label name='language' value='javascript'/>
                <label name='framework' value='wdio'/>
                <label name='thread' value='0-0'/>
            </labels>
            <parameters>
                <parameter kind='argument' name='browser' value='chrome-110.0.5481.100'/>
            </parameters>
            <steps/>
            <attachments/>
        </test-case>
    </test-cases>
</ns2:test-suite>