<?xml version='1.0'?>
<ns2:test-suite xmlns:ns2='urn:model.allure.qatools.yandex.ru' start='1676419520351' stop='1676419532158'>
    <name>The Internet Guinea Pig Website: As a user, I can log into the secure area</name>
    <title>The Internet Guinea Pig Website: As a user, I can log into the secure area</title>
    <test-cases>
        <test-case start='1676419520351' status='passed' stop='1676419520352'>
            <name></name>
            <title></title>
            <labels>
                <label name='language' value='javascript'/>
                <label name='framework' value='wdio'/>
                <label name='thread' value='0-0'/>
            </labels>
            <parameters>
                <parameter kind='argument' name='browser' value='chrome-110.0.5481.100'/>
            </parameters>
            <steps/>
            <attachments/>
        </test-case>
        <test-case start='1676419520352' status='passed' stop='1676419522109'>
            <name>Given I am on the login page</name>
            <title>Given I am on the login page</title>
            <labels>
                <label name='language' value='javascript'/>
                <label name='framework' value='wdio'/>
                <label name='thread' value='0-0'/>
            </labels>
            <parameters>
                <parameter kind='argument' name='browser' value='chrome-110.0.5481.100'/>
            </parameters>
            <steps>
                <step start='1676419520353' status='passed' stop='1676419521517'>
                    <name>POST /session/:sessionId/url</name>
                    <title>POST /session/:sessionId/url</title>
                    <attachments>
                        <attachment title='Request' source='766b825d-a078-4788-a6d6-b810d7ccdd46-attachment.json' type='application/json' size='39'/>
                    </attachments>
                    <steps/>
                </step>
                <step start='1676419521517' status='passed' stop='1676419521532'>
                    <name>POST /session/:sessionId/element</name>
                    <title>POST /session/:sessionId/element</title>
                    <attachments>
                        <attachment title='Request' source='b545eb48-b547-4682-aaa4-d91dddd100c1-attachment.json' type='application/json' size='72'/>
                        <attachment title='Response' source='2c50c967-f2ae-4cc0-9591-c6168346657d-attachment.json' type='application/json' size='1626'/>
                    </attachments>
                    <steps/>
                </step>
                <step start='1676419521535' status='passed' stop='1676419521546'>
                    <name>POST /session/:sessionId/elements</name>
                    <title>POST /session/:sessionId/elements</title>
                    <attachments>
                        <attachment title='Request' source='f3590910-879a-4033-a96c-64c0fafec3af-attachment.json' type='application/json' size='72'/>
                        <attachment title='Response' source='a70fec30-256a-4fe8-a17d-a91b31f42828-attachment.json' type='application/json' size='2'/>
                    </attachments>
                    <steps/>
                </step>
                <step start='1676419522039' status='passed' stop='1676419522062'>
                    <name>POST /session/:sessionId/elements</name>
                    <title>POST /session/:sessionId/elements</title>
                    <attachments>
                        <attachment title='Request' source='b00762fd-ea74-4214-970c-52a16b43489d-attachment.json' type='application/json' size='72'/>
                        <attachment title='Response' source='d811dcbd-df82-4576-b488-31f33a608030-attachment.json' type='application/json' size='93'/>
                    </attachments>
                    <steps/>
                </step>
                <step start='1676419522064' status='passed' stop='1676419522076'>
                    <name>POST /session/:sessionId/element</name>
                    <title>POST /session/:sessionId/element</title>
                    <attachments>
                        <attachment title='Request' source='4bc95597-11dd-4731-8da1-ed9843aaf218-attachment.json' type='application/json' size='72'/>
                        <attachment title='Response' source='cc0e6ff9-52f0-4c1a-b54d-ff4321365c66-attachment.json' type='application/json' size='83'/>
                    </attachments>
                    <steps/>
                </step>
                <step start='1676419522078' status='passed' stop='1676419522109'>
                    <name>POST /session/:sessionId/element/38d91a7e-3e5e-4c11-b662-fd163ccfd784/click</name>
                    <title>POST /session/:sessionId/element/38d91a7e-3e5e-4c11-b662-fd163ccfd784/click</title>
                    <attachments/>
                    <steps/>
                </step>
            </steps>
            <attachments/>
        </test-case>
        <test-case start='1676419522110' status='failed' stop='1676419532157'>
            <name>When I land to the page</name>
            <title>When I land to the page</title>
            <labels>
                <label name='language' value='javascript'/>
                <label name='framework' value='wdio'/>
                <label name='thread' value='0-0'/>
            </labels>
            <parameters>
                <parameter kind='argument' name='browser' value='chrome-110.0.5481.100'/>
            </parameters>
            <steps/>
            <attachments/>
            <failure>
                <message>Error: Expect .logo-wrap to be existing</message>
                <stack-trace>Error: Expect .logo-wrap to be existing
                
                Expected: "existing"
                Received: "not existing"
                    at World.&lt;anonymous> (file:///Users/gshahin/Documents/II/webdriverio-cucumber-aplan-test/features/step-definitions/steps.js:9:30)
                    at processTicksAndRejections (node:internal/process/task_queues:96:5)
                    at async wrapPromiseWithTimeout (/Users/gshahin/Documents/II/webdriverio-cucumber-aplan-test/node_modules/@cucumber/cucumber/lib/time.js:67:12)
                    at async Object.run (/Users/gshahin/Documents/II/webdriverio-cucumber-aplan-test/node_modules/@cucumber/cucumber/lib/user_code_runner.js:64:22)
                    at async Object.run (/Users/gshahin/Documents/II/webdriverio-cucumber-aplan-test/node_modules/@cucumber/cucumber/lib/runtime/step_runner.js:52:26)
                    at async TestCaseRunner.invokeStep (/Users/gshahin/Documents/II/webdriverio-cucumber-aplan-test/node_modules/@cucumber/cucumber/lib/runtime/test_case_runner.js:93:16)
                    at async TestCaseRunner.runStep (/Users/gshahin/Documents/II/webdriverio-cucumber-aplan-test/node_modules/@cucumber/cucumber/lib/runtime/test_case_runner.js:237:26)
                    at async /Users/gshahin/Documents/II/webdriverio-cucumber-aplan-test/node_modules/@cucumber/cucumber/lib/runtime/test_case_runner.js:163:48</stack-trace>
            </failure>
        </test-case>
        <test-case start='1676419532157' status='broken' stop='1676419532157'>
            <name>Then I should see a flash message saying Personal</name>
            <title>Then I should see a flash message saying Personal</title>
            <labels>
                <label name='language' value='javascript'/>
                <label name='framework' value='wdio'/>
                <label name='thread' value='0-0'/>
            </labels>
            <parameters>
                <parameter kind='argument' name='browser' value='chrome-110.0.5481.100'/>
            </parameters>
            <steps/>
            <attachments/>
            <failure>
                <message>Step "I should see a flash message saying Personal" is not defined. You can ignore this error by setting cucumberOpts.ignoreUndefinedDefinitions as true.</message>
                <stack-trace>Step "I should see a flash message saying Personal" is not defined. You can ignore this error by setting cucumberOpts.ignoreUndefinedDefinitions as true.
                	at Feature(/Users/gshahin/Documents/II/webdriverio-cucumber-aplan-test/features/login.feature):1:1
                	at Scenario(As a user, I can log into the secure area):3:3
                	at Step(I should see a flash message saying &lt;message>):7:5
                </stack-trace>
            </failure>
        </test-case>
        <test-case start='1676419532157' status='passed' stop='1676419532158'>
            <name></name>
            <title></title>
            <labels>
                <label name='language' value='javascript'/>
                <label name='framework' value='wdio'/>
                <label name='thread' value='0-0'/>
            </labels>
            <parameters>
                <parameter kind='argument' name='browser' value='chrome-110.0.5481.100'/>
            </parameters>
            <steps/>
            <attachments/>
        </test-case>
    </test-cases>
</ns2:test-suite>